2025-03-11 19:04:50,699 - INFO - Steam Wishlist API Fetcher started
2025-03-11 19:04:50,699 - INFO - Using Steam ID: 76561197990237856
2025-03-11 19:04:50,699 - INFO - Trying different methods to fetch your wishlist...
2025-03-11 19:04:50,699 - INFO - Fetching wishlist using IWishlistService API for Steam ID: 76561197990237856
2025-03-11 19:04:51,078 - INFO - IWishlistService API response status: 200
2025-03-11 19:04:51,078 - INFO - Successfully parsed IWishlistService API response
2025-03-11 19:04:51,079 - INFO - Saved raw API response to wishlist_api_response.json
2025-03-11 19:04:51,079 - INFO - Found 104 items in wishlist
2025-03-11 19:04:51,079 - INFO - Fetching names for 104 games
2025-03-11 19:04:51,079 - INFO - Processing batch 1 of 6
2025-03-11 19:04:51,080 - INFO - Getting name for app ID: 410900
2025-03-11 19:04:51,996 - INFO - Found name for app ID 410900: Forts
2025-03-11 19:04:51,997 - INFO - Found game: Forts
2025-03-11 19:04:51,997 - INFO - Getting name for app ID: 643370
2025-03-11 19:04:52,877 - INFO - Found name for app ID 643370: eSports Manager
2025-03-11 19:04:52,878 - INFO - Found game: eSports Manager
2025-03-11 19:04:52,878 - INFO - Getting name for app ID: 732430
2025-03-11 19:04:53,777 - INFO - Found name for app ID 732430: Superflight
2025-03-11 19:04:53,779 - INFO - Found game: Superflight
2025-03-11 19:04:53,779 - INFO - Getting name for app ID: 799600
2025-03-11 19:04:54,672 - INFO - Found name for app ID 799600: Cosmoteer: Starship Architect & Commander
2025-03-11 19:04:54,673 - INFO - Found game: Cosmoteer: Starship Architect & Commander
2025-03-11 19:04:54,673 - INFO - Getting name for app ID: 973230
2025-03-11 19:04:55,538 - INFO - Found name for app ID 973230: We Who Are About To Die
2025-03-11 19:04:55,539 - INFO - Found game: We Who Are About To Die
2025-03-11 19:04:55,540 - INFO - Getting name for app ID: 1065970
2025-03-11 19:04:56,417 - INFO - Getting name for app ID: 1127400
2025-03-11 19:04:57,305 - INFO - Found name for app ID 1127400: Mindustry
2025-03-11 19:04:57,307 - INFO - Found game: Mindustry
2025-03-11 19:04:57,307 - INFO - Getting name for app ID: 1201540
2025-03-11 19:04:58,168 - INFO - Found name for app ID 1201540: HELLCARD
2025-03-11 19:04:58,169 - INFO - Found game: HELLCARD
2025-03-11 19:04:58,169 - INFO - Getting name for app ID: 1286580
2025-03-11 19:04:59,043 - INFO - Found name for app ID 1286580: Ship of Fools
2025-03-11 19:04:59,044 - INFO - Found game: Ship of Fools
2025-03-11 19:04:59,044 - INFO - Getting name for app ID: 1297900
2025-03-11 19:04:59,895 - INFO - Found name for app ID 1297900: Gothic 1 Remake
2025-03-11 19:04:59,896 - INFO - Found game: Gothic 1 Remake
2025-03-11 19:04:59,896 - INFO - Getting name for app ID: 1328990
2025-03-11 19:05:00,770 - INFO - Found name for app ID 1328990: Godsworn
2025-03-11 19:05:00,772 - INFO - Found game: Godsworn
2025-03-11 19:05:00,772 - INFO - Getting name for app ID: 1330360
2025-03-11 19:05:01,650 - INFO - Found name for app ID 1330360: Fata Deum
2025-03-11 19:05:01,652 - INFO - Found game: Fata Deum
2025-03-11 19:05:01,652 - INFO - Getting name for app ID: 1333200
2025-03-11 19:05:02,577 - INFO - Found name for app ID 1333200: Song of Nunu: A League of Legends Story
2025-03-11 19:05:02,579 - INFO - Found game: Song of Nunu: A League of Legends Story
2025-03-11 19:05:02,579 - INFO - Getting name for app ID: 1363080
2025-03-11 19:05:03,451 - INFO - Found name for app ID 1363080: Manor Lords
2025-03-11 19:05:03,453 - INFO - Found game: Manor Lords
2025-03-11 19:05:03,453 - INFO - Getting name for app ID: 1368160
2025-03-11 19:05:04,319 - INFO - Found name for app ID 1368160: Heart Of Muriet
2025-03-11 19:05:04,321 - INFO - Found game: Heart Of Muriet
2025-03-11 19:05:04,321 - INFO - Getting name for app ID: 1401370
2025-03-11 19:05:05,193 - INFO - Found name for app ID 1401370: Viking City Builder
2025-03-11 19:05:05,194 - INFO - Found game: Viking City Builder
2025-03-11 19:05:05,194 - INFO - Getting name for app ID: 1409830
